Using pre-set license
Built from '2020.3/staging' branch; Version is '2020.3.25f1 (9b9180224418) revision 10195328'; Using compiler version '192528614'; Build Type 'Release'
OS: 'Windows 10  (10.0.19042) 64bit Professional' Language: 'es' Physical Memory: 6092 MB
BatchMode: 1, IsHumanControllingUs: 0, StartBugReporterOnCrash: 0, Is64bit: 1, IsPro: 0

COMMAND LINE ARGUMENTS:
C:\Program Files\UnityEditors\2020.3.25f1\Editor\Unity.exe
-adb2
-batchMode
-noUpm
-name
AssetImportWorker0
-projectPath
C:/Users/Usuario/Documents/GitHub/Card-Game-Global-Gamejam-2022/Card Game Globla Gamejam 2022
-logFile
Logs/AssetImportWorker0.log
-srvPort
52304
Successfully changed project path to: C:/Users/Usuario/Documents/GitHub/Card-Game-Global-Gamejam-2022/Card Game Globla Gamejam 2022
C:/Users/Usuario/Documents/GitHub/Card-Game-Global-Gamejam-2022/Card Game Globla Gamejam 2022
Using Asset Import Pipeline V2.
Refreshing native plugins compatible for Editor in 90.52 ms, found 2 plugins.
Preloading 0 native plugins for Editor in 0.00 ms.
Initialize engine version: 2020.3.25f1 (9b9180224418)
[Subsystems] Discovering subsystems at path C:/Program Files/UnityEditors/2020.3.25f1/Editor/Data/Resources/UnitySubsystems
[Subsystems] Discovering subsystems at path C:/Users/Usuario/Documents/GitHub/Card-Game-Global-Gamejam-2022/Card Game Globla Gamejam 2022/Assets
GfxDevice: creating device client; threaded=0
Direct3D:
    Version:  Direct3D 11.0 [level 11.1]
    Renderer: AMD Radeon(TM) Vega 8 Graphics (ID=0x15d8)
    Vendor:   
    VRAM:     3046 MB
    Driver:   27.20.14535.3005
Initialize mono
Mono path[0] = 'C:/Program Files/UnityEditors/2020.3.25f1/Editor/Data/Managed'
Mono path[1] = 'C:/Program Files/UnityEditors/2020.3.25f1/Editor/Data/MonoBleedingEdge/lib/mono/unityjit'
Mono config path = 'C:/Program Files/UnityEditors/2020.3.25f1/Editor/Data/MonoBleedingEdge/etc'
Using monoOptions --debugger-agent=transport=dt_socket,embedding=1,server=y,suspend=n,address=127.0.0.1:56328
Begin MonoManager ReloadAssembly
Registering precompiled unity dll's ...
Register platform support module: C:/Program Files/UnityEditors/2020.3.25f1/Editor/Data/PlaybackEngines/WindowsStandaloneSupport/UnityEditor.WindowsStandalone.Extensions.dll
Registered in 0.006218 seconds.
Native extension for WindowsStandalone target not found
Refreshing native plugins compatible for Editor in 77.76 ms, found 2 plugins.
Preloading 0 native plugins for Editor in 0.00 ms.
Mono: successfully reloaded assembly
- Completed reload, in  0.870 seconds
Domain Reload Profiling:
	ReloadAssembly (871ms)
		BeginReloadAssembly (79ms)
			ExecutionOrderSort (0ms)
			DisableScriptedObjects (0ms)
			BackupInstance (0ms)
			ReleaseScriptingObjects (0ms)
			CreateAndSetChildDomain (1ms)
		EndReloadAssembly (678ms)
			LoadAssemblies (75ms)
			RebuildTransferFunctionScriptingTraits (1ms)
			SetupTypeCache (214ms)
			ReleaseScriptCaches (0ms)
			RebuildScriptCaches (38ms)
			SetupLoadedEditorAssemblies (277ms)
				LogAssemblyErrors (0ms)
				InitializePlatformSupportModulesInManaged (7ms)
				SetLoadedEditorAssemblies (0ms)
				RefreshPlugins (78ms)
				BeforeProcessingInitializeOnLoad (27ms)
				ProcessInitializeOnLoadAttributes (123ms)
				ProcessInitializeOnLoadMethodAttributes (42ms)
				AfterProcessingInitializeOnLoad (0ms)
				EditorAssembliesLoaded (0ms)
			ExecutionOrderSort2 (0ms)
			AwakeInstancesAfterBackupRestoration (0ms)
Platform modules already initialized, skipping
Registering precompiled user dll's ...
Registered in 0.024001 seconds.
Begin MonoManager ReloadAssembly
Native extension for WindowsStandalone target not found
Refreshing native plugins compatible for Editor in 68.51 ms, found 2 plugins.
Preloading 0 native plugins for Editor in 0.00 ms.
Mono: successfully reloaded assembly
- Completed reload, in  1.496 seconds
Domain Reload Profiling:
	ReloadAssembly (1497ms)
		BeginReloadAssembly (202ms)
			ExecutionOrderSort (0ms)
			DisableScriptedObjects (6ms)
			BackupInstance (0ms)
			ReleaseScriptingObjects (0ms)
			CreateAndSetChildDomain (23ms)
		EndReloadAssembly (1212ms)
			LoadAssemblies (145ms)
			RebuildTransferFunctionScriptingTraits (0ms)
			SetupTypeCache (410ms)
			ReleaseScriptCaches (1ms)
			RebuildScriptCaches (61ms)
			SetupLoadedEditorAssemblies (462ms)
				LogAssemblyErrors (0ms)
				InitializePlatformSupportModulesInManaged (4ms)
				SetLoadedEditorAssemblies (0ms)
				RefreshPlugins (69ms)
				BeforeProcessingInitializeOnLoad (118ms)
				ProcessInitializeOnLoadAttributes (248ms)
				ProcessInitializeOnLoadMethodAttributes (12ms)
				AfterProcessingInitializeOnLoad (10ms)
				EditorAssembliesLoaded (0ms)
			ExecutionOrderSort2 (0ms)
			AwakeInstancesAfterBackupRestoration (9ms)
Platform modules already initialized, skipping
========================================================================
Worker process is ready to serve import requests
Launched and connected shader compiler UnityShaderCompiler.exe after 0.07 seconds
Refreshing native plugins compatible for Editor in 1.96 ms, found 2 plugins.
Preloading 0 native plugins for Editor in 0.00 ms.
Unloading 2880 Unused Serialized files (Serialized files now loaded: 0)
System memory in use before: 130.1 MB.
System memory in use after: 130.3 MB.

Unloading 20 unused Assets to reduce memory usage. Loaded Objects now: 3311.
Total: 9.124300 ms (FindLiveObjects: 0.674200 ms CreateObjectMapping: 0.363300 ms MarkObjects: 7.852500 ms  DeleteObjects: 0.230200 ms)

AssetImportParameters requested are different than current active one (requested -> active):
  custom:framework-win-MediaFoundation: 216162199b28c13a410421893ffa2e32 -> 
  custom:video-decoder-ogg-theora: a1e56fd34408186e4bbccfd4996cb3dc -> 
  custom:container-muxer-webm: aa71ff27fc2769a1b78a27578f13a17b -> 
  custom:container-demuxer-webm: 4f35f7cbe854078d1ac9338744f61a02 -> 
  custom:container-demuxer-ogg: 62fdf1f143b41e24485cea50d1cbac27 -> 
  custom:video-encoder-webm-vp8: eb34c28f22e8b96e1ab97ce403110664 -> 
  custom:video-decoder-webm-vp8: 9c59270c3fd7afecdb556c50c9e8de78 -> 
  custom:audio-decoder-ogg-vorbis: bf7c407c2cedff20999df2af8eb42d56 -> 
  custom:audio-encoder-webm-vorbis: bf7c407c2cedff20999df2af8eb42d56 -> 
========================================================================
Received Import Request.
  path: Assets/Scenes/Gameplay.unity
  artifactKey: Guid(cc748c1b5854be14a857b1c4de134c9b) Importer(815301076,1909f56bfc062723c751e8b465ee728b)
Start importing Assets/Scenes/Gameplay.unity using Guid(cc748c1b5854be14a857b1c4de134c9b) Importer(815301076,1909f56bfc062723c751e8b465ee728b)  -> (artifact id: 'f8996d6680dcaf8446639fb637bd7b42') in 0.049914 seconds 
  Import took 0.060841 seconds .

========================================================================
Received Import Request.
  Time since last request: 16.341029 seconds.
  path: Assets/Scenes/StartScene.unity
  artifactKey: Guid(d19232359fdf35e4db2f47536e71aebe) Importer(815301076,1909f56bfc062723c751e8b465ee728b)
Start importing Assets/Scenes/StartScene.unity using Guid(d19232359fdf35e4db2f47536e71aebe) Importer(815301076,1909f56bfc062723c751e8b465ee728b)  -> (artifact id: 'ab1ead680f53e64a086e8e82d65e2dc7') in 0.019085 seconds 
  Import took 0.025596 seconds .

========================================================================
Received Prepare
Registering precompiled user dll's ...
Registered in 0.023530 seconds.
Begin MonoManager ReloadAssembly
Native extension for WindowsStandalone target not found
Refreshing native plugins compatible for Editor in 0.67 ms, found 2 plugins.
Preloading 0 native plugins for Editor in 0.00 ms.
Mono: successfully reloaded assembly
- Completed reload, in  1.455 seconds
Domain Reload Profiling:
	ReloadAssembly (1455ms)
		BeginReloadAssembly (155ms)
			ExecutionOrderSort (0ms)
			DisableScriptedObjects (5ms)
			BackupInstance (0ms)
			ReleaseScriptingObjects (0ms)
			CreateAndSetChildDomain (41ms)
		EndReloadAssembly (1215ms)
			LoadAssemblies (204ms)
			RebuildTransferFunctionScriptingTraits (0ms)
			SetupTypeCache (399ms)
			ReleaseScriptCaches (1ms)
			RebuildScriptCaches (50ms)
			SetupLoadedEditorAssemblies (413ms)
				LogAssemblyErrors (0ms)
				InitializePlatformSupportModulesInManaged (6ms)
				SetLoadedEditorAssemblies (1ms)
				RefreshPlugins (1ms)
				BeforeProcessingInitializeOnLoad (116ms)
				ProcessInitializeOnLoadAttributes (262ms)
				ProcessInitializeOnLoadMethodAttributes (18ms)
				AfterProcessingInitializeOnLoad (9ms)
				EditorAssembliesLoaded (0ms)
			ExecutionOrderSort2 (0ms)
			AwakeInstancesAfterBackupRestoration (14ms)
Platform modules already initialized, skipping
Refreshing native plugins compatible for Editor in 0.57 ms, found 2 plugins.
Preloading 0 native plugins for Editor in 0.00 ms.
Unloading 2757 Unused Serialized files (Serialized files now loaded: 0)
System memory in use before: 121.6 MB.
System memory in use after: 121.8 MB.

Unloading 15 unused Assets to reduce memory usage. Loaded Objects now: 3313.
Total: 3.958200 ms (FindLiveObjects: 0.326700 ms CreateObjectMapping: 0.077100 ms MarkObjects: 3.529400 ms  DeleteObjects: 0.023400 ms)

AssetImportParameters requested are different than current active one (requested -> active):
  custom:framework-win-MediaFoundation: 216162199b28c13a410421893ffa2e32 -> 
  custom:video-decoder-ogg-theora: a1e56fd34408186e4bbccfd4996cb3dc -> 
  custom:container-muxer-webm: aa71ff27fc2769a1b78a27578f13a17b -> 
  custom:container-demuxer-webm: 4f35f7cbe854078d1ac9338744f61a02 -> 
  custom:container-demuxer-ogg: 62fdf1f143b41e24485cea50d1cbac27 -> 
  custom:video-encoder-webm-vp8: eb34c28f22e8b96e1ab97ce403110664 -> 
  custom:video-decoder-webm-vp8: 9c59270c3fd7afecdb556c50c9e8de78 -> 
  custom:audio-decoder-ogg-vorbis: bf7c407c2cedff20999df2af8eb42d56 -> 
  custom:audio-encoder-webm-vorbis: bf7c407c2cedff20999df2af8eb42d56 -> 
========================================================================
Received Import Request.
  Time since last request: 141.794312 seconds.
  path: Assets/URP/2D Asset.asset
  artifactKey: Guid(7fdb88b57cd4da340a399298251b3f5c) Importer(815301076,1909f56bfc062723c751e8b465ee728b)
Start importing Assets/URP/2D Asset.asset using Guid(7fdb88b57cd4da340a399298251b3f5c) Importer(815301076,1909f56bfc062723c751e8b465ee728b)  -> (artifact id: '935d752c75f506e8cd16df5f7ca06e4f') in 0.060613 seconds 
  Import took 0.066494 seconds .

========================================================================
Received Import Request.
  Time since last request: 0.000278 seconds.
  path: Assets/URP/2D Renderer.asset
  artifactKey: Guid(eb98f8037e97d184b830185726d451a6) Importer(815301076,1909f56bfc062723c751e8b465ee728b)
Start importing Assets/URP/2D Renderer.asset using Guid(eb98f8037e97d184b830185726d451a6) Importer(815301076,1909f56bfc062723c751e8b465ee728b)  -> (artifact id: '3aa19edba4cc4c88854c1acf3067c83d') in 0.021915 seconds 
  Import took 0.029840 seconds .

========================================================================
Received Import Request.
  Time since last request: 19.260118 seconds.
  path: Assets/_Scripts/Systems/AudioSystem.cs
  artifactKey: Guid(44a18bd826dbb684fb5d57dee554bf63) Importer(815301076,1909f56bfc062723c751e8b465ee728b)
Start importing Assets/_Scripts/Systems/AudioSystem.cs using Guid(44a18bd826dbb684fb5d57dee554bf63) Importer(815301076,1909f56bfc062723c751e8b465ee728b)  -> (artifact id: '0c8c04cb8c795be30cda60deb934eed5') in 0.022636 seconds 
  Import took 0.030969 seconds .

========================================================================
Received Import Request.
  Time since last request: 51.089394 seconds.
  path: Assets/New Folder
  artifactKey: Guid(9d7e5e567e49b88489e0f70c4a5af2fb) Importer(815301076,1909f56bfc062723c751e8b465ee728b)
Start importing Assets/New Folder using Guid(9d7e5e567e49b88489e0f70c4a5af2fb) Importer(815301076,1909f56bfc062723c751e8b465ee728b)  -> (artifact id: 'f37a323028f528bf233770a4960cfbec') in 0.017426 seconds 
  Import took 0.024473 seconds .

========================================================================
Received Import Request.
  Time since last request: 6.731340 seconds.
  path: Assets/Audio
  artifactKey: Guid(2941aa147329e8e43b9638ddb0012624) Importer(815301076,1909f56bfc062723c751e8b465ee728b)
Start importing Assets/Audio using Guid(2941aa147329e8e43b9638ddb0012624) Importer(815301076,1909f56bfc062723c751e8b465ee728b)  -> (artifact id: 'f88da2a8266044489eb9d60553c3d2c2') in 0.018523 seconds 
  Import took 0.024580 seconds .

========================================================================
Received Import Request.
  Time since last request: 64.911864 seconds.
  path: Assets/Audio/MUSICA
  artifactKey: Guid(d4ade691a76044349b772a1c6b14a967) Importer(815301076,1909f56bfc062723c751e8b465ee728b)
Start importing Assets/Audio/MUSICA using Guid(d4ade691a76044349b772a1c6b14a967) Importer(815301076,1909f56bfc062723c751e8b465ee728b)  -> (artifact id: '26543821cd6f976bbcc416ffa47ea610') in 0.029855 seconds 
  Import took 0.039910 seconds .

========================================================================
Received Import Request.
  Time since last request: 0.152583 seconds.
  path: Assets/Audio/MUSICA/CREDITOS.mp3
  artifactKey: Guid(fdf73feb61ca355468e6b0aa703e4874) Importer(815301076,1909f56bfc062723c751e8b465ee728b)
Start importing Assets/Audio/MUSICA/CREDITOS.mp3 using Guid(fdf73feb61ca355468e6b0aa703e4874) Importer(815301076,1909f56bfc062723c751e8b465ee728b)  -> (artifact id: 'f31f902fe1f381fcd5431cea87beb476') in 0.328902 seconds 
  Import took 0.336569 seconds .

========================================================================
Received Import Request.
  Time since last request: 0.000232 seconds.
  path: Assets/Audio/MUSICA/MENU.mp3
  artifactKey: Guid(97040ecc08044a148b0b1abf5ca350b7) Importer(815301076,1909f56bfc062723c751e8b465ee728b)
Start importing Assets/Audio/MUSICA/MENU.mp3 using Guid(97040ecc08044a148b0b1abf5ca350b7) Importer(815301076,1909f56bfc062723c751e8b465ee728b)  -> (artifact id: '00ef97c0e1bcfcf87b03f469e74f75d3') in 0.078905 seconds 
  Import took 0.085836 seconds .

========================================================================
Received Import Request.
  Time since last request: 0.000263 seconds.
  path: Assets/Audio/MUSICA/GAMEPLAY.mp3
  artifactKey: Guid(edca066ddea80434e87c06e9358af860) Importer(815301076,1909f56bfc062723c751e8b465ee728b)
Start importing Assets/Audio/MUSICA/GAMEPLAY.mp3 using Guid(edca066ddea80434e87c06e9358af860) Importer(815301076,1909f56bfc062723c751e8b465ee728b)  -> (artifact id: '3ecb56b071ed57c972dc324db7e76fe6') in 0.042563 seconds 
  Import took 0.051181 seconds .

========================================================================
Received Import Request.
  Time since last request: 318.383931 seconds.
  path: Assets/_Scripts/Managers/ExampleGameManager.cs
  artifactKey: Guid(0f5a5cea43a2b614b9815191b62ae141) Importer(815301076,1909f56bfc062723c751e8b465ee728b)
Start importing Assets/_Scripts/Managers/ExampleGameManager.cs using Guid(0f5a5cea43a2b614b9815191b62ae141) Importer(815301076,1909f56bfc062723c751e8b465ee728b)  -> (artifact id: '3a4ddede4ac9564a1dcd2982a4e26a09') in 0.014415 seconds 
  Import took 0.022025 seconds .

========================================================================
Received Import Request.
  Time since last request: 42.208065 seconds.
  path: Assets/_Scripts/Managers/ExampleGameManager.cs
  artifactKey: Guid(0f5a5cea43a2b614b9815191b62ae141) Importer(815301076,1909f56bfc062723c751e8b465ee728b)
Start importing Assets/_Scripts/Managers/ExampleGameManager.cs using Guid(0f5a5cea43a2b614b9815191b62ae141) Importer(815301076,1909f56bfc062723c751e8b465ee728b)  -> (artifact id: '7f3a009f3e637c8c89258e78554e7841') in 0.015925 seconds 
  Import took 0.026217 seconds .

========================================================================
Received Prepare
Registering precompiled user dll's ...
Registered in 0.012057 seconds.
Begin MonoManager ReloadAssembly
Native extension for WindowsStandalone target not found
Refreshing native plugins compatible for Editor in 0.60 ms, found 2 plugins.
Preloading 0 native plugins for Editor in 0.00 ms.
Mono: successfully reloaded assembly
- Completed reload, in  1.356 seconds
Domain Reload Profiling:
	ReloadAssembly (1357ms)
		BeginReloadAssembly (146ms)
			ExecutionOrderSort (0ms)
			DisableScriptedObjects (6ms)
			BackupInstance (0ms)
			ReleaseScriptingObjects (0ms)
			CreateAndSetChildDomain (40ms)
		EndReloadAssembly (1125ms)
			LoadAssemblies (123ms)
			RebuildTransferFunctionScriptingTraits (0ms)
			SetupTypeCache (405ms)
			ReleaseScriptCaches (2ms)
			RebuildScriptCaches (53ms)
			SetupLoadedEditorAssemblies (392ms)
				LogAssemblyErrors (0ms)
				InitializePlatformSupportModulesInManaged (5ms)
				SetLoadedEditorAssemblies (1ms)
				RefreshPlugins (1ms)
				BeforeProcessingInitializeOnLoad (123ms)
				ProcessInitializeOnLoadAttributes (243ms)
				ProcessInitializeOnLoadMethodAttributes (11ms)
				AfterProcessingInitializeOnLoad (9ms)
				EditorAssembliesLoaded (0ms)
			ExecutionOrderSort2 (0ms)
			AwakeInstancesAfterBackupRestoration (13ms)
Platform modules already initialized, skipping
Refreshing native plugins compatible for Editor in 0.59 ms, found 2 plugins.
Preloading 0 native plugins for Editor in 0.00 ms.
Unloading 2759 Unused Serialized files (Serialized files now loaded: 0)
System memory in use before: 124.7 MB.
System memory in use after: 124.9 MB.

Unloading 15 unused Assets to reduce memory usage. Loaded Objects now: 3326.
Total: 5.256300 ms (FindLiveObjects: 0.350800 ms CreateObjectMapping: 0.158000 ms MarkObjects: 4.721800 ms  DeleteObjects: 0.024000 ms)

AssetImportParameters requested are different than current active one (requested -> active):
  custom:framework-win-MediaFoundation: 216162199b28c13a410421893ffa2e32 -> 
  custom:video-decoder-ogg-theora: a1e56fd34408186e4bbccfd4996cb3dc -> 
  custom:container-muxer-webm: aa71ff27fc2769a1b78a27578f13a17b -> 
  custom:container-demuxer-webm: 4f35f7cbe854078d1ac9338744f61a02 -> 
  custom:container-demuxer-ogg: 62fdf1f143b41e24485cea50d1cbac27 -> 
  custom:video-encoder-webm-vp8: eb34c28f22e8b96e1ab97ce403110664 -> 
  custom:video-decoder-webm-vp8: 9c59270c3fd7afecdb556c50c9e8de78 -> 
  custom:audio-decoder-ogg-vorbis: bf7c407c2cedff20999df2af8eb42d56 -> 
  custom:audio-encoder-webm-vorbis: bf7c407c2cedff20999df2af8eb42d56 -> 
========================================================================
Received Import Request.
  Time since last request: 100.179077 seconds.
  path: Assets/Scenes/Gameplay.unity
  artifactKey: Guid(cc748c1b5854be14a857b1c4de134c9b) Importer(815301076,1909f56bfc062723c751e8b465ee728b)
Start importing Assets/Scenes/Gameplay.unity using Guid(cc748c1b5854be14a857b1c4de134c9b) Importer(815301076,1909f56bfc062723c751e8b465ee728b)  -> (artifact id: 'a3a3ffba7491556b83e5c631f77ad21c') in 0.035351 seconds 
  Import took 0.042002 seconds .

========================================================================
Received Import Request.
  Time since last request: 0.303781 seconds.
  path: Assets/Scenes/Menu.unity
  artifactKey: Guid(3b035d507ac6096469053bb22c228661) Importer(815301076,1909f56bfc062723c751e8b465ee728b)
Start importing Assets/Scenes/Menu.unity using Guid(3b035d507ac6096469053bb22c228661) Importer(815301076,1909f56bfc062723c751e8b465ee728b)  -> (artifact id: '02654f40c28420b2920cbf3b4c7b98f3') in 0.015044 seconds 
  Import took 0.021305 seconds .

========================================================================
Received Import Request.
  Time since last request: 43.949208 seconds.
  path: Assets/_Scripts/Managers/ExampleGameManager.cs
  artifactKey: Guid(0f5a5cea43a2b614b9815191b62ae141) Importer(815301076,1909f56bfc062723c751e8b465ee728b)
Start importing Assets/_Scripts/Managers/ExampleGameManager.cs using Guid(0f5a5cea43a2b614b9815191b62ae141) Importer(815301076,1909f56bfc062723c751e8b465ee728b)  -> (artifact id: 'a61e6ee1959bdad68742981ad6df7b47') in 0.006609 seconds 
  Import took 0.013235 seconds .

========================================================================
Received Import Request.
  Time since last request: 2.914655 seconds.
  path: Assets/_Scripts/Managers/Deck
  artifactKey: Guid(8140e0723c38051488a63670dabf20ce) Importer(815301076,1909f56bfc062723c751e8b465ee728b)
Start importing Assets/_Scripts/Managers/Deck using Guid(8140e0723c38051488a63670dabf20ce) Importer(815301076,1909f56bfc062723c751e8b465ee728b)  -> (artifact id: '494313c653d6c2c6c4788eddf2bf7d03') in 0.014353 seconds 
  Import took 0.021980 seconds .

========================================================================
Received Import Request.
  Time since last request: 122.568286 seconds.
  path: Assets/Sprites/WhitePixel.png
  artifactKey: Guid(bbdf4ec045f275c47b2db0105e3f2346) Importer(815301076,1909f56bfc062723c751e8b465ee728b)
Start importing Assets/Sprites/WhitePixel.png using Guid(bbdf4ec045f275c47b2db0105e3f2346) Importer(815301076,1909f56bfc062723c751e8b465ee728b)  -> (artifact id: '8f64b0035f9aabfe2d7b1240a4f4175a') in 0.095810 seconds 
  Import took 0.102447 seconds .

========================================================================
Received Import Request.
  Time since last request: 1.779424 seconds.
  path: Assets/Sprites/Menu y botones
  artifactKey: Guid(d598014eed7980940b5e9abf4c70b4ed) Importer(815301076,1909f56bfc062723c751e8b465ee728b)
Start importing Assets/Sprites/Menu y botones using Guid(d598014eed7980940b5e9abf4c70b4ed) Importer(815301076,1909f56bfc062723c751e8b465ee728b)  -> (artifact id: '144765acce1ff9b0f02624e467651c80') in 0.014028 seconds 
  Import took 0.020926 seconds .

========================================================================
Received Import Request.
  Time since last request: 0.042840 seconds.
  path: Assets/Sprites/Menu y botones/FondoMenu.jpg
  artifactKey: Guid(ee35f6a797837134aaac042858cd910d) Importer(815301076,1909f56bfc062723c751e8b465ee728b)
Start importing Assets/Sprites/Menu y botones/FondoMenu.jpg using Guid(ee35f6a797837134aaac042858cd910d) Importer(815301076,1909f56bfc062723c751e8b465ee728b)  -> (artifact id: 'f023d7406f442334c8ac0723e6f632de') in 0.031186 seconds 
  Import took 0.038169 seconds .

========================================================================
Received Import Request.
  Time since last request: 1.506166 seconds.
  path: Assets/Sprites/Menu y botones/Botones
  artifactKey: Guid(2f55497a08df74040be4b806f850c13b) Importer(815301076,1909f56bfc062723c751e8b465ee728b)
Start importing Assets/Sprites/Menu y botones/Botones using Guid(2f55497a08df74040be4b806f850c13b) Importer(815301076,1909f56bfc062723c751e8b465ee728b)  -> (artifact id: '99b92e7ce7dddad157aca97d7bfa4f00') in 0.013505 seconds 
  Import took 0.021086 seconds .

========================================================================
Received Import Request.
  Time since last request: 0.041651 seconds.
  path: Assets/Sprites/Menu y botones/Botones/boton_atacar.png
  artifactKey: Guid(8f999b321c634434ea50485559346662) Importer(815301076,1909f56bfc062723c751e8b465ee728b)
Start importing Assets/Sprites/Menu y botones/Botones/boton_atacar.png using Guid(8f999b321c634434ea50485559346662) Importer(815301076,1909f56bfc062723c751e8b465ee728b)  -> (artifact id: '941227e7bdb595861a225f2c365d47ba') in 0.026698 seconds 
  Import took 0.033643 seconds .

========================================================================
Received Import Request.
  Time since last request: 0.000242 seconds.
  path: Assets/Sprites/Menu y botones/Botones/boton_cancelar_big_apagado.png
  artifactKey: Guid(f55d7e92592e3bf4388a3fc5e65cd554) Importer(815301076,1909f56bfc062723c751e8b465ee728b)
Start importing Assets/Sprites/Menu y botones/Botones/boton_cancelar_big_apagado.png using Guid(f55d7e92592e3bf4388a3fc5e65cd554) Importer(815301076,1909f56bfc062723c751e8b465ee728b)  -> (artifact id: '39fff7c04bbaa1f75ee80998f42360d7') in 0.028046 seconds 
  Import took 0.034649 seconds .

========================================================================
Received Import Request.
  Time since last request: 0.000257 seconds.
  path: Assets/Sprites/Menu y botones/Botones/boton_créditos_big_apagado.png
  artifactKey: Guid(46651d23fe7be834bab7cbdff42175a5) Importer(815301076,1909f56bfc062723c751e8b465ee728b)
Start importing Assets/Sprites/Menu y botones/Botones/boton_créditos_big_apagado.png using Guid(46651d23fe7be834bab7cbdff42175a5) Importer(815301076,1909f56bfc062723c751e8b465ee728b)  -> (artifact id: 'b4112bca719e477f0811246fb0b70332') in 0.026647 seconds 
  Import took 0.032572 seconds .

========================================================================
Received Import Request.
  Time since last request: 0.000240 seconds.
  path: Assets/Sprites/Menu y botones/Botones/boton_atacar_big_apagado.png
  artifactKey: Guid(7f3ba58d29ae1fd4ba895cf13fb685fd) Importer(815301076,1909f56bfc062723c751e8b465ee728b)
Start importing Assets/Sprites/Menu y botones/Botones/boton_atacar_big_apagado.png using Guid(7f3ba58d29ae1fd4ba895cf13fb685fd) Importer(815301076,1909f56bfc062723c751e8b465ee728b)  -> (artifact id: '382571c858a215cb4c7db77fd96803c9') in 0.032529 seconds 
  Import took 0.037557 seconds .

========================================================================
Received Import Request.
  Time since last request: 0.000302 seconds.
  path: Assets/Sprites/Menu y botones/Botones/boton_Empezar_big_apagado.png
  artifactKey: Guid(454eef8f47ad3d34a8c9d3c6e9793138) Importer(815301076,1909f56bfc062723c751e8b465ee728b)
Start importing Assets/Sprites/Menu y botones/Botones/boton_Empezar_big_apagado.png using Guid(454eef8f47ad3d34a8c9d3c6e9793138) Importer(815301076,1909f56bfc062723c751e8b465ee728b)  -> (artifact id: '1ab48f998a6096e4d4c9679420dcf6a8') in 0.034405 seconds 
  Import took 0.039951 seconds .

========================================================================
Received Import Request.
  Time since last request: 0.000237 seconds.
  path: Assets/Sprites/Menu y botones/Botones/boton_fusionar_big_apagado.png
  artifactKey: Guid(643536c86e5a1844fb7dd6e3eae1763f) Importer(815301076,1909f56bfc062723c751e8b465ee728b)
Start importing Assets/Sprites/Menu y botones/Botones/boton_fusionar_big_apagado.png using Guid(643536c86e5a1844fb7dd6e3eae1763f) Importer(815301076,1909f56bfc062723c751e8b465ee728b)  -> (artifact id: '5512c83fe81f7547744210194cfaf018') in 0.033158 seconds 
  Import took 0.039156 seconds .

========================================================================
Received Import Request.
  Time since last request: 0.000259 seconds.
  path: Assets/Sprites/Menu y botones/Botones/boton_salir_big_apagado.png
  artifactKey: Guid(ed237eab897dc824ca999542faa910fe) Importer(815301076,1909f56bfc062723c751e8b465ee728b)
Start importing Assets/Sprites/Menu y botones/Botones/boton_salir_big_apagado.png using Guid(ed237eab897dc824ca999542faa910fe) Importer(815301076,1909f56bfc062723c751e8b465ee728b)  -> (artifact id: 'edcfbbde27de4beec3e0672d9878502b') in 0.033272 seconds 
  Import took 0.039399 seconds .

========================================================================
Received Import Request.
  Time since last request: 0.000253 seconds.
  path: Assets/Sprites/Menu y botones/Botones/boton_Empezar.png
  artifactKey: Guid(a0a8ee0ca1d7a794da5c9934d0d67ad9) Importer(815301076,1909f56bfc062723c751e8b465ee728b)
Start importing Assets/Sprites/Menu y botones/Botones/boton_Empezar.png using Guid(a0a8ee0ca1d7a794da5c9934d0d67ad9) Importer(815301076,1909f56bfc062723c751e8b465ee728b)  -> (artifact id: '2b3fc0e2ca7db7d9addf5907e867d375') in 0.034649 seconds 
  Import took 0.040368 seconds .

========================================================================
Received Import Request.
  Time since last request: 0.000233 seconds.
  path: Assets/Sprites/Menu y botones/Botones/boton_cancelar.png
  artifactKey: Guid(823e177a973613f498ce5ed3bee07c9b) Importer(815301076,1909f56bfc062723c751e8b465ee728b)
Start importing Assets/Sprites/Menu y botones/Botones/boton_cancelar.png using Guid(823e177a973613f498ce5ed3bee07c9b) Importer(815301076,1909f56bfc062723c751e8b465ee728b)  -> (artifact id: '641723c12acc517e4bfda032a920ac26') in 0.028609 seconds 
  Import took 0.033496 seconds .

========================================================================
Received Import Request.
  Time since last request: 0.000252 seconds.
  path: Assets/Sprites/Menu y botones/Botones/boton_salir.png
  artifactKey: Guid(532234441d5cb6e4f8a3bffe18c1d674) Importer(815301076,1909f56bfc062723c751e8b465ee728b)
Start importing Assets/Sprites/Menu y botones/Botones/boton_salir.png using Guid(532234441d5cb6e4f8a3bffe18c1d674) Importer(815301076,1909f56bfc062723c751e8b465ee728b)  -> (artifact id: '0b0ab2bac9c11701712e124a1ebd0c86') in 0.028157 seconds 
  Import took 0.033659 seconds .

========================================================================
Received Import Request.
  Time since last request: 0.000254 seconds.
  path: Assets/Sprites/Menu y botones/Botones/boton_créditos.png
  artifactKey: Guid(e370eef17a14e3c46a03f123a4d96ffa) Importer(815301076,1909f56bfc062723c751e8b465ee728b)
Start importing Assets/Sprites/Menu y botones/Botones/boton_créditos.png using Guid(e370eef17a14e3c46a03f123a4d96ffa) Importer(815301076,1909f56bfc062723c751e8b465ee728b)  -> (artifact id: 'ea72ad31d0fd3bb6310a70dd9711f343') in 0.031435 seconds 
  Import took 0.038128 seconds .

========================================================================
Received Import Request.
  Time since last request: 0.000290 seconds.
  path: Assets/Sprites/Menu y botones/Botones/boton_fusionar.png
  artifactKey: Guid(3b695bc2ad719b9469c890328c1370e7) Importer(815301076,1909f56bfc062723c751e8b465ee728b)
Start importing Assets/Sprites/Menu y botones/Botones/boton_fusionar.png using Guid(3b695bc2ad719b9469c890328c1370e7) Importer(815301076,1909f56bfc062723c751e8b465ee728b)  -> (artifact id: 'ac2be1ae7fa9d58b627c4ffef2a9d43b') in 0.026870 seconds 
  Import took 0.032720 seconds .

========================================================================
Received Import Request.
  Time since last request: 32.231460 seconds.
  path: Assets/Sprites/Fonts/AASIANHIRO-2O17X.OTF
  artifactKey: Guid(92403e87e3eb3574abfd0d31203b85cf) Importer(815301076,1909f56bfc062723c751e8b465ee728b)
Start importing Assets/Sprites/Fonts/AASIANHIRO-2O17X.OTF using Guid(92403e87e3eb3574abfd0d31203b85cf) Importer(815301076,1909f56bfc062723c751e8b465ee728b)  -> (artifact id: '6934c388b5470e053bea93a521b4c9af') in 0.309074 seconds 
  Import took 0.316622 seconds .

========================================================================
Received Import Request.
  Time since last request: 0.000346 seconds.
  path: Assets/Sprites/Fonts/AASIANHIRO-2O17X SDF.asset
  artifactKey: Guid(d4f706ff7b4923a41857c4827757cea9) Importer(815301076,1909f56bfc062723c751e8b465ee728b)
Start importing Assets/Sprites/Fonts/AASIANHIRO-2O17X SDF.asset using Guid(d4f706ff7b4923a41857c4827757cea9) Importer(815301076,1909f56bfc062723c751e8b465ee728b)  -> (artifact id: '5ba1beb522ca26dfaa3c039734be2db8') in 0.077557 seconds 
  Import took 0.083377 seconds .

========================================================================
Received Prepare
Registering precompiled user dll's ...
Registered in 0.006869 seconds.
Begin MonoManager ReloadAssembly
Native extension for WindowsStandalone target not found
Refreshing native plugins compatible for Editor in 0.61 ms, found 2 plugins.
Preloading 0 native plugins for Editor in 0.00 ms.
Mono: successfully reloaded assembly
- Completed reload, in  1.380 seconds
Domain Reload Profiling:
	ReloadAssembly (1381ms)
		BeginReloadAssembly (150ms)
			ExecutionOrderSort (0ms)
			DisableScriptedObjects (8ms)
			BackupInstance (0ms)
			ReleaseScriptingObjects (0ms)
			CreateAndSetChildDomain (43ms)
		EndReloadAssembly (1146ms)
			LoadAssemblies (115ms)
			RebuildTransferFunctionScriptingTraits (0ms)
			SetupTypeCache (425ms)
			ReleaseScriptCaches (1ms)
			RebuildScriptCaches (48ms)
			SetupLoadedEditorAssemblies (374ms)
				LogAssemblyErrors (0ms)
				InitializePlatformSupportModulesInManaged (5ms)
				SetLoadedEditorAssemblies (1ms)
				RefreshPlugins (1ms)
				BeforeProcessingInitializeOnLoad (114ms)
				ProcessInitializeOnLoadAttributes (234ms)
				ProcessInitializeOnLoadMethodAttributes (11ms)
				AfterProcessingInitializeOnLoad (10ms)
				EditorAssembliesLoaded (0ms)
			ExecutionOrderSort2 (0ms)
			AwakeInstancesAfterBackupRestoration (20ms)
Platform modules already initialized, skipping
Refreshing native plugins compatible for Editor in 0.71 ms, found 2 plugins.
Preloading 0 native plugins for Editor in 0.00 ms.
Unloading 2757 Unused Serialized files (Serialized files now loaded: 0)
System memory in use before: 127.2 MB.
System memory in use after: 127.4 MB.

Unloading 15 unused Assets to reduce memory usage. Loaded Objects now: 3421.
Total: 4.746300 ms (FindLiveObjects: 0.299700 ms CreateObjectMapping: 0.080300 ms MarkObjects: 4.316300 ms  DeleteObjects: 0.048000 ms)

AssetImportParameters requested are different than current active one (requested -> active):
  custom:framework-win-MediaFoundation: 216162199b28c13a410421893ffa2e32 -> 
  custom:video-decoder-ogg-theora: a1e56fd34408186e4bbccfd4996cb3dc -> 
  custom:container-muxer-webm: aa71ff27fc2769a1b78a27578f13a17b -> 
  custom:container-demuxer-webm: 4f35f7cbe854078d1ac9338744f61a02 -> 
  custom:container-demuxer-ogg: 62fdf1f143b41e24485cea50d1cbac27 -> 
  custom:video-encoder-webm-vp8: eb34c28f22e8b96e1ab97ce403110664 -> 
  custom:video-decoder-webm-vp8: 9c59270c3fd7afecdb556c50c9e8de78 -> 
  custom:audio-decoder-ogg-vorbis: bf7c407c2cedff20999df2af8eb42d56 -> 
  custom:audio-encoder-webm-vorbis: bf7c407c2cedff20999df2af8eb42d56 -> 
========================================================================
Received Import Request.
  Time since last request: 61.605454 seconds.
  path: Assets/_Scripts/Utilities/StartScene.cs
  artifactKey: Guid(aab9162fbe9608342b754ec2a893fe37) Importer(815301076,1909f56bfc062723c751e8b465ee728b)
Start importing Assets/_Scripts/Utilities/StartScene.cs using Guid(aab9162fbe9608342b754ec2a893fe37) Importer(815301076,1909f56bfc062723c751e8b465ee728b)  -> (artifact id: '9a808d1e24560971700c1671f57a8c91') in 0.019451 seconds 
  Import took 0.026921 seconds .

========================================================================
Received Prepare
Registering precompiled user dll's ...
Registered in 0.008028 seconds.
Begin MonoManager ReloadAssembly
Native extension for WindowsStandalone target not found
Refreshing native plugins compatible for Editor in 0.65 ms, found 2 plugins.
Preloading 0 native plugins for Editor in 0.00 ms.
Mono: successfully reloaded assembly
- Completed reload, in  1.556 seconds
Domain Reload Profiling:
	ReloadAssembly (1557ms)
		BeginReloadAssembly (153ms)
			ExecutionOrderSort (0ms)
			DisableScriptedObjects (7ms)
			BackupInstance (0ms)
			ReleaseScriptingObjects (0ms)
			CreateAndSetChildDomain (43ms)
		EndReloadAssembly (1311ms)
			LoadAssemblies (130ms)
			RebuildTransferFunctionScriptingTraits (0ms)
			SetupTypeCache (455ms)
			ReleaseScriptCaches (1ms)
			RebuildScriptCaches (57ms)
			SetupLoadedEditorAssemblies (430ms)
				LogAssemblyErrors (0ms)
				InitializePlatformSupportModulesInManaged (6ms)
				SetLoadedEditorAssemblies (1ms)
				RefreshPlugins (1ms)
				BeforeProcessingInitializeOnLoad (131ms)
				ProcessInitializeOnLoadAttributes (268ms)
				ProcessInitializeOnLoadMethodAttributes (13ms)
				AfterProcessingInitializeOnLoad (12ms)
				EditorAssembliesLoaded (0ms)
			ExecutionOrderSort2 (0ms)
			AwakeInstancesAfterBackupRestoration (25ms)
Platform modules already initialized, skipping
Refreshing native plugins compatible for Editor in 0.74 ms, found 2 plugins.
Preloading 0 native plugins for Editor in 0.00 ms.
Unloading 2757 Unused Serialized files (Serialized files now loaded: 0)
System memory in use before: 127.2 MB.
System memory in use after: 127.4 MB.

Unloading 15 unused Assets to reduce memory usage. Loaded Objects now: 3423.
Total: 5.321600 ms (FindLiveObjects: 0.320100 ms CreateObjectMapping: 0.104500 ms MarkObjects: 4.872000 ms  DeleteObjects: 0.023500 ms)

AssetImportParameters requested are different than current active one (requested -> active):
  custom:framework-win-MediaFoundation: 216162199b28c13a410421893ffa2e32 -> 
  custom:video-decoder-ogg-theora: a1e56fd34408186e4bbccfd4996cb3dc -> 
  custom:container-muxer-webm: aa71ff27fc2769a1b78a27578f13a17b -> 
  custom:container-demuxer-webm: 4f35f7cbe854078d1ac9338744f61a02 -> 
  custom:container-demuxer-ogg: 62fdf1f143b41e24485cea50d1cbac27 -> 
  custom:video-encoder-webm-vp8: eb34c28f22e8b96e1ab97ce403110664 -> 
  custom:video-decoder-webm-vp8: 9c59270c3fd7afecdb556c50c9e8de78 -> 
  custom:audio-decoder-ogg-vorbis: bf7c407c2cedff20999df2af8eb42d56 -> 
  custom:audio-encoder-webm-vorbis: bf7c407c2cedff20999df2af8eb42d56 -> 
========================================================================
Received Import Request.
  Time since last request: 119.272481 seconds.
  path: Assets/Scenes/Menu.unity
  artifactKey: Guid(3b035d507ac6096469053bb22c228661) Importer(815301076,1909f56bfc062723c751e8b465ee728b)
Start importing Assets/Scenes/Menu.unity using Guid(3b035d507ac6096469053bb22c228661) Importer(815301076,1909f56bfc062723c751e8b465ee728b)  -> (artifact id: 'af269c7879ca07a7d910c6e5f6ecc4b8') in 0.028029 seconds 
  Import took 0.034200 seconds .

========================================================================
Received Import Request.
  Time since last request: 199.021401 seconds.
  path: Assets/Audio/SFX
  artifactKey: Guid(4c24f0784d2a66245a23fd8cf4b3f10d) Importer(815301076,1909f56bfc062723c751e8b465ee728b)
Start importing Assets/Audio/SFX using Guid(4c24f0784d2a66245a23fd8cf4b3f10d) Importer(815301076,1909f56bfc062723c751e8b465ee728b)  -> (artifact id: '9b271c041e3d0fd54eedd1a55b933485') in 0.015959 seconds 
  Import took 0.022071 seconds .

========================================================================
Received Import Request.
  Time since last request: 0.062530 seconds.
  path: Assets/Audio/SFX/ESCUDO.mp3
  artifactKey: Guid(6a3b0b731267b5049903eeb3ccea84f0) Importer(815301076,1909f56bfc062723c751e8b465ee728b)
Start importing Assets/Audio/SFX/ESCUDO.mp3 using Guid(6a3b0b731267b5049903eeb3ccea84f0) Importer(815301076,1909f56bfc062723c751e8b465ee728b)  -> (artifact id: 'c47e529ae6ddd951759b25f2b1c6d550') in 0.047289 seconds 
  Import took 0.052934 seconds .

========================================================================
Received Import Request.
  Time since last request: 0.000211 seconds.
  path: Assets/Audio/SFX/MAGO.mp3
  artifactKey: Guid(2a7e8b6ee70078a47a77a9c931f28be5) Importer(815301076,1909f56bfc062723c751e8b465ee728b)
Start importing Assets/Audio/SFX/MAGO.mp3 using Guid(2a7e8b6ee70078a47a77a9c931f28be5) Importer(815301076,1909f56bfc062723c751e8b465ee728b)  -> (artifact id: '898671f87f1a80884d8ca5a2fb59f924') in 0.036299 seconds 
  Import took 0.040726 seconds .

========================================================================
Received Import Request.
  Time since last request: 0.000226 seconds.
  path: Assets/Audio/SFX/SIERRA.mp3
  artifactKey: Guid(06cd6a41a53ca8f44a626e2d3a580b68) Importer(815301076,1909f56bfc062723c751e8b465ee728b)
Start importing Assets/Audio/SFX/SIERRA.mp3 using Guid(06cd6a41a53ca8f44a626e2d3a580b68) Importer(815301076,1909f56bfc062723c751e8b465ee728b)  -> (artifact id: '1478608b7f35e2628a50d3fb1a0def63') in 0.033208 seconds 
  Import took 0.037791 seconds .

========================================================================
Received Prepare
Registering precompiled user dll's ...
Registered in 0.008318 seconds.
Begin MonoManager ReloadAssembly
Native extension for WindowsStandalone target not found
Refreshing native plugins compatible for Editor in 0.65 ms, found 2 plugins.
Preloading 0 native plugins for Editor in 0.00 ms.
Mono: successfully reloaded assembly
- Completed reload, in  1.437 seconds
Domain Reload Profiling:
	ReloadAssembly (1438ms)
		BeginReloadAssembly (152ms)
			ExecutionOrderSort (0ms)
			DisableScriptedObjects (6ms)
			BackupInstance (0ms)
			ReleaseScriptingObjects (0ms)
			CreateAndSetChildDomain (45ms)
		EndReloadAssembly (1194ms)
			LoadAssemblies (131ms)
			RebuildTransferFunctionScriptingTraits (0ms)
			SetupTypeCache (426ms)
			ReleaseScriptCaches (2ms)
			RebuildScriptCaches (57ms)
			SetupLoadedEditorAssemblies (389ms)
				LogAssemblyErrors (0ms)
				InitializePlatformSupportModulesInManaged (5ms)
				SetLoadedEditorAssemblies (1ms)
				RefreshPlugins (1ms)
				BeforeProcessingInitializeOnLoad (115ms)
				ProcessInitializeOnLoadAttributes (245ms)
				ProcessInitializeOnLoadMethodAttributes (13ms)
				AfterProcessingInitializeOnLoad (10ms)
				EditorAssembliesLoaded (0ms)
			ExecutionOrderSort2 (0ms)
			AwakeInstancesAfterBackupRestoration (22ms)
Platform modules already initialized, skipping
Refreshing native plugins compatible for Editor in 0.63 ms, found 2 plugins.
Preloading 0 native plugins for Editor in 0.00 ms.
Unloading 2757 Unused Serialized files (Serialized files now loaded: 0)
System memory in use before: 127.2 MB.
System memory in use after: 127.5 MB.

Unloading 15 unused Assets to reduce memory usage. Loaded Objects now: 3426.
Total: 4.952900 ms (FindLiveObjects: 0.324900 ms CreateObjectMapping: 0.104400 ms MarkObjects: 4.496500 ms  DeleteObjects: 0.025500 ms)

AssetImportParameters requested are different than current active one (requested -> active):
  custom:framework-win-MediaFoundation: 216162199b28c13a410421893ffa2e32 -> 
  custom:video-decoder-ogg-theora: a1e56fd34408186e4bbccfd4996cb3dc -> 
  custom:container-muxer-webm: aa71ff27fc2769a1b78a27578f13a17b -> 
  custom:container-demuxer-webm: 4f35f7cbe854078d1ac9338744f61a02 -> 
  custom:container-demuxer-ogg: 62fdf1f143b41e24485cea50d1cbac27 -> 
  custom:video-encoder-webm-vp8: eb34c28f22e8b96e1ab97ce403110664 -> 
  custom:video-decoder-webm-vp8: 9c59270c3fd7afecdb556c50c9e8de78 -> 
  custom:audio-decoder-ogg-vorbis: bf7c407c2cedff20999df2af8eb42d56 -> 
  custom:audio-encoder-webm-vorbis: bf7c407c2cedff20999df2af8eb42d56 -> 
========================================================================
Received Import Request.
  Time since last request: 215.633462 seconds.
  path: Assets/_Scripts/GameBehaviour/AttackButton.cs
  artifactKey: Guid(d724b6e6ed1828a4e85e919085a2ba5f) Importer(815301076,1909f56bfc062723c751e8b465ee728b)
Start importing Assets/_Scripts/GameBehaviour/AttackButton.cs using Guid(d724b6e6ed1828a4e85e919085a2ba5f) Importer(815301076,1909f56bfc062723c751e8b465ee728b)  -> (artifact id: '2fe93e20bf397b14fbe420e02f910b0f') in 0.023248 seconds 
  Import took 0.029145 seconds .

========================================================================
Received Import Request.
  Time since last request: 70.388944 seconds.
  path: Assets/_Scripts/Systems/InGameDeckSystems.cs
  artifactKey: Guid(f4e702df6a293974c86aaf2fab9d454a) Importer(815301076,1909f56bfc062723c751e8b465ee728b)
Start importing Assets/_Scripts/Systems/InGameDeckSystems.cs using Guid(f4e702df6a293974c86aaf2fab9d454a) Importer(815301076,1909f56bfc062723c751e8b465ee728b)  -> (artifact id: 'deb23a0db925586cf6e13aabe220cf78') in 0.010695 seconds 
  Import took 0.016911 seconds .

========================================================================
Received Import Request.
  Time since last request: 654.245750 seconds.
  path: Assets/_Scripts/GameBehaviour/CardBehaviour.cs
  artifactKey: Guid(c88d5c78e94d40b478758dfa916abbe3) Importer(815301076,1909f56bfc062723c751e8b465ee728b)
Start importing Assets/_Scripts/GameBehaviour/CardBehaviour.cs using Guid(c88d5c78e94d40b478758dfa916abbe3) Importer(815301076,1909f56bfc062723c751e8b465ee728b)  -> (artifact id: '706e4d791316870e305aa802fbbd8285') in 0.018464 seconds 
  Import took 0.025976 seconds .

========================================================================
Received Import Request.
  Time since last request: 58.427848 seconds.
  path: Assets/_Scripts/Scriptables/CardBase.cs
  artifactKey: Guid(edfc49625e2629e4da2e1be847ad91a4) Importer(815301076,1909f56bfc062723c751e8b465ee728b)
Start importing Assets/_Scripts/Scriptables/CardBase.cs using Guid(edfc49625e2629e4da2e1be847ad91a4) Importer(815301076,1909f56bfc062723c751e8b465ee728b)  -> (artifact id: '526f1dfe88c99e910d97a890fff93d98') in 0.014901 seconds 
  Import took 0.020888 seconds .

========================================================================
Received Prepare
Registering precompiled user dll's ...
Registered in 0.008135 seconds.
Begin MonoManager ReloadAssembly
Native extension for WindowsStandalone target not found
Refreshing native plugins compatible for Editor in 0.76 ms, found 2 plugins.
Preloading 0 native plugins for Editor in 0.00 ms.
Mono: successfully reloaded assembly
- Completed reload, in  1.370 seconds
Domain Reload Profiling:
	ReloadAssembly (1371ms)
		BeginReloadAssembly (143ms)
			ExecutionOrderSort (0ms)
			DisableScriptedObjects (6ms)
			BackupInstance (0ms)
			ReleaseScriptingObjects (0ms)
			CreateAndSetChildDomain (44ms)
		EndReloadAssembly (1146ms)
			LoadAssemblies (121ms)
			RebuildTransferFunctionScriptingTraits (0ms)
			SetupTypeCache (389ms)
			ReleaseScriptCaches (2ms)
			RebuildScriptCaches (50ms)
			SetupLoadedEditorAssemblies (391ms)
				LogAssemblyErrors (0ms)
				InitializePlatformSupportModulesInManaged (6ms)
				SetLoadedEditorAssemblies (1ms)
				RefreshPlugins (1ms)
				BeforeProcessingInitializeOnLoad (117ms)
				ProcessInitializeOnLoadAttributes (240ms)
				ProcessInitializeOnLoadMethodAttributes (13ms)
				AfterProcessingInitializeOnLoad (12ms)
				EditorAssembliesLoaded (0ms)
			ExecutionOrderSort2 (0ms)
			AwakeInstancesAfterBackupRestoration (21ms)
Platform modules already initialized, skipping
Refreshing native plugins compatible for Editor in 0.70 ms, found 2 plugins.
Preloading 0 native plugins for Editor in 0.00 ms.
Unloading 2757 Unused Serialized files (Serialized files now loaded: 0)
System memory in use before: 127.2 MB.
System memory in use after: 127.5 MB.

Unloading 15 unused Assets to reduce memory usage. Loaded Objects now: 3428.
Total: 6.281400 ms (FindLiveObjects: 0.334000 ms CreateObjectMapping: 0.116200 ms MarkObjects: 5.803600 ms  DeleteObjects: 0.025700 ms)

AssetImportParameters requested are different than current active one (requested -> active):
  custom:framework-win-MediaFoundation: 216162199b28c13a410421893ffa2e32 -> 
  custom:video-decoder-ogg-theora: a1e56fd34408186e4bbccfd4996cb3dc -> 
  custom:container-muxer-webm: aa71ff27fc2769a1b78a27578f13a17b -> 
  custom:container-demuxer-webm: 4f35f7cbe854078d1ac9338744f61a02 -> 
  custom:container-demuxer-ogg: 62fdf1f143b41e24485cea50d1cbac27 -> 
  custom:video-encoder-webm-vp8: eb34c28f22e8b96e1ab97ce403110664 -> 
  custom:video-decoder-webm-vp8: 9c59270c3fd7afecdb556c50c9e8de78 -> 
  custom:audio-decoder-ogg-vorbis: bf7c407c2cedff20999df2af8eb42d56 -> 
  custom:audio-encoder-webm-vorbis: bf7c407c2cedff20999df2af8eb42d56 -> 
========================================================================
Received Prepare
Registering precompiled user dll's ...
Registered in 0.029101 seconds.
Begin MonoManager ReloadAssembly
Native extension for WindowsStandalone target not found
Refreshing native plugins compatible for Editor in 0.87 ms, found 2 plugins.
Preloading 0 native plugins for Editor in 0.00 ms.
Mono: successfully reloaded assembly
- Completed reload, in  1.736 seconds
Domain Reload Profiling:
	ReloadAssembly (1736ms)
		BeginReloadAssembly (151ms)
			ExecutionOrderSort (0ms)
			DisableScriptedObjects (6ms)
			BackupInstance (0ms)
			ReleaseScriptingObjects (0ms)
			CreateAndSetChildDomain (39ms)
		EndReloadAssembly (1457ms)
			LoadAssemblies (121ms)
			RebuildTransferFunctionScriptingTraits (0ms)
			SetupTypeCache (549ms)
			ReleaseScriptCaches (2ms)
			RebuildScriptCaches (49ms)
			SetupLoadedEditorAssemblies (451ms)
				LogAssemblyErrors (0ms)
				InitializePlatformSupportModulesInManaged (6ms)
				SetLoadedEditorAssemblies (1ms)
				RefreshPlugins (1ms)
				BeforeProcessingInitializeOnLoad (135ms)
				ProcessInitializeOnLoadAttributes (258ms)
				ProcessInitializeOnLoadMethodAttributes (27ms)
				AfterProcessingInitializeOnLoad (23ms)
				EditorAssembliesLoaded (0ms)
			ExecutionOrderSort2 (0ms)
			AwakeInstancesAfterBackupRestoration (33ms)
Platform modules already initialized, skipping
Refreshing native plugins compatible for Editor in 1.12 ms, found 2 plugins.
Preloading 0 native plugins for Editor in 0.00 ms.
Unloading 2757 Unused Serialized files (Serialized files now loaded: 0)
System memory in use before: 127.2 MB.
System memory in use after: 127.5 MB.

Unloading 15 unused Assets to reduce memory usage. Loaded Objects now: 3430.
Total: 6.137500 ms (FindLiveObjects: 0.354800 ms CreateObjectMapping: 0.191200 ms MarkObjects: 5.538600 ms  DeleteObjects: 0.050300 ms)

AssetImportParameters requested are different than current active one (requested -> active):
  custom:framework-win-MediaFoundation: 216162199b28c13a410421893ffa2e32 -> 
  custom:video-decoder-ogg-theora: a1e56fd34408186e4bbccfd4996cb3dc -> 
  custom:container-muxer-webm: aa71ff27fc2769a1b78a27578f13a17b -> 
  custom:container-demuxer-webm: 4f35f7cbe854078d1ac9338744f61a02 -> 
  custom:container-demuxer-ogg: 62fdf1f143b41e24485cea50d1cbac27 -> 
  custom:video-encoder-webm-vp8: eb34c28f22e8b96e1ab97ce403110664 -> 
  custom:video-decoder-webm-vp8: 9c59270c3fd7afecdb556c50c9e8de78 -> 
  custom:audio-decoder-ogg-vorbis: bf7c407c2cedff20999df2af8eb42d56 -> 
  custom:audio-encoder-webm-vorbis: bf7c407c2cedff20999df2af8eb42d56 -> 
========================================================================
Received Prepare
Registering precompiled user dll's ...
Registered in 0.009572 seconds.
Begin MonoManager ReloadAssembly
Native extension for WindowsStandalone target not found
Refreshing native plugins compatible for Editor in 0.89 ms, found 2 plugins.
Preloading 0 native plugins for Editor in 0.00 ms.
Mono: successfully reloaded assembly
- Completed reload, in  1.400 seconds
Domain Reload Profiling:
	ReloadAssembly (1401ms)
		BeginReloadAssembly (140ms)
			ExecutionOrderSort (0ms)
			DisableScriptedObjects (7ms)
			BackupInstance (0ms)
			ReleaseScriptingObjects (0ms)
			CreateAndSetChildDomain (37ms)
		EndReloadAssembly (1168ms)
			LoadAssemblies (122ms)
			RebuildTransferFunctionScriptingTraits (0ms)
			SetupTypeCache (418ms)
			ReleaseScriptCaches (1ms)
			RebuildScriptCaches (47ms)
			SetupLoadedEditorAssemblies (388ms)
				LogAssemblyErrors (0ms)
				InitializePlatformSupportModulesInManaged (5ms)
				SetLoadedEditorAssemblies (1ms)
				RefreshPlugins (1ms)
				BeforeProcessingInitializeOnLoad (116ms)
				ProcessInitializeOnLoadAttributes (244ms)
				ProcessInitializeOnLoadMethodAttributes (11ms)
				AfterProcessingInitializeOnLoad (10ms)
				EditorAssembliesLoaded (0ms)
			ExecutionOrderSort2 (0ms)
			AwakeInstancesAfterBackupRestoration (22ms)
Platform modules already initialized, skipping
Refreshing native plugins compatible for Editor in 0.58 ms, found 2 plugins.
Preloading 0 native plugins for Editor in 0.00 ms.
Unloading 2757 Unused Serialized files (Serialized files now loaded: 0)
System memory in use before: 127.2 MB.
System memory in use after: 127.5 MB.

Unloading 15 unused Assets to reduce memory usage. Loaded Objects now: 3432.
Total: 7.661500 ms (FindLiveObjects: 0.309100 ms CreateObjectMapping: 0.084400 ms MarkObjects: 7.243900 ms  DeleteObjects: 0.022900 ms)

AssetImportParameters requested are different than current active one (requested -> active):
  custom:framework-win-MediaFoundation: 216162199b28c13a410421893ffa2e32 -> 
  custom:video-decoder-ogg-theora: a1e56fd34408186e4bbccfd4996cb3dc -> 
  custom:container-muxer-webm: aa71ff27fc2769a1b78a27578f13a17b -> 
  custom:container-demuxer-webm: 4f35f7cbe854078d1ac9338744f61a02 -> 
  custom:container-demuxer-ogg: 62fdf1f143b41e24485cea50d1cbac27 -> 
  custom:video-encoder-webm-vp8: eb34c28f22e8b96e1ab97ce403110664 -> 
  custom:video-decoder-webm-vp8: 9c59270c3fd7afecdb556c50c9e8de78 -> 
  custom:audio-decoder-ogg-vorbis: bf7c407c2cedff20999df2af8eb42d56 -> 
  custom:audio-encoder-webm-vorbis: bf7c407c2cedff20999df2af8eb42d56 -> 
========================================================================
Received Prepare
Registering precompiled user dll's ...
Registered in 0.008372 seconds.
Begin MonoManager ReloadAssembly
Native extension for WindowsStandalone target not found
Refreshing native plugins compatible for Editor in 0.65 ms, found 2 plugins.
Preloading 0 native plugins for Editor in 0.00 ms.
Mono: successfully reloaded assembly
- Completed reload, in  1.417 seconds
Domain Reload Profiling:
	ReloadAssembly (1418ms)
		BeginReloadAssembly (164ms)
			ExecutionOrderSort (0ms)
			DisableScriptedObjects (7ms)
			BackupInstance (0ms)
			ReleaseScriptingObjects (0ms)
			CreateAndSetChildDomain (43ms)
		EndReloadAssembly (1157ms)
			LoadAssemblies (140ms)
			RebuildTransferFunctionScriptingTraits (0ms)
			SetupTypeCache (385ms)
			ReleaseScriptCaches (2ms)
			RebuildScriptCaches (50ms)
			SetupLoadedEditorAssemblies (394ms)
				LogAssemblyErrors (0ms)
				InitializePlatformSupportModulesInManaged (4ms)
				SetLoadedEditorAssemblies (1ms)
				RefreshPlugins (1ms)
				BeforeProcessingInitializeOnLoad (118ms)
				ProcessInitializeOnLoadAttributes (248ms)
				ProcessInitializeOnLoadMethodAttributes (12ms)
				AfterProcessingInitializeOnLoad (10ms)
				EditorAssembliesLoaded (0ms)
			ExecutionOrderSort2 (0ms)
			AwakeInstancesAfterBackupRestoration (22ms)
Platform modules already initialized, skipping
Refreshing native plugins compatible for Editor in 0.69 ms, found 2 plugins.
Preloading 0 native plugins for Editor in 0.00 ms.
Unloading 2757 Unused Serialized files (Serialized files now loaded: 0)
System memory in use before: 127.3 MB.
System memory in use after: 127.5 MB.

Unloading 15 unused Assets to reduce memory usage. Loaded Objects now: 3434.
Total: 4.380500 ms (FindLiveObjects: 0.308500 ms CreateObjectMapping: 0.092700 ms MarkObjects: 3.957900 ms  DeleteObjects: 0.019900 ms)

AssetImportParameters requested are different than current active one (requested -> active):
  custom:framework-win-MediaFoundation: 216162199b28c13a410421893ffa2e32 -> 
  custom:video-decoder-ogg-theora: a1e56fd34408186e4bbccfd4996cb3dc -> 
  custom:container-muxer-webm: aa71ff27fc2769a1b78a27578f13a17b -> 
  custom:container-demuxer-webm: 4f35f7cbe854078d1ac9338744f61a02 -> 
  custom:container-demuxer-ogg: 62fdf1f143b41e24485cea50d1cbac27 -> 
  custom:video-encoder-webm-vp8: eb34c28f22e8b96e1ab97ce403110664 -> 
  custom:video-decoder-webm-vp8: 9c59270c3fd7afecdb556c50c9e8de78 -> 
  custom:audio-decoder-ogg-vorbis: bf7c407c2cedff20999df2af8eb42d56 -> 
  custom:audio-encoder-webm-vorbis: bf7c407c2cedff20999df2af8eb42d56 -> 
========================================================================
Received Prepare
Registering precompiled user dll's ...
Registered in 0.007619 seconds.
Begin MonoManager ReloadAssembly
Native extension for WindowsStandalone target not found
Refreshing native plugins compatible for Editor in 0.63 ms, found 2 plugins.
Preloading 0 native plugins for Editor in 0.00 ms.
Mono: successfully reloaded assembly
- Completed reload, in  1.365 seconds
Domain Reload Profiling:
	ReloadAssembly (1365ms)
		BeginReloadAssembly (131ms)
			ExecutionOrderSort (0ms)
			DisableScriptedObjects (6ms)
			BackupInstance (0ms)
			ReleaseScriptingObjects (0ms)
			CreateAndSetChildDomain (39ms)
		EndReloadAssembly (1148ms)
			LoadAssemblies (123ms)
			RebuildTransferFunctionScriptingTraits (0ms)
			SetupTypeCache (392ms)
			ReleaseScriptCaches (1ms)
			RebuildScriptCaches (49ms)
			SetupLoadedEditorAssemblies (394ms)
				LogAssemblyErrors (0ms)
				InitializePlatformSupportModulesInManaged (5ms)
				SetLoadedEditorAssemblies (1ms)
				RefreshPlugins (1ms)
				BeforeProcessingInitializeOnLoad (116ms)
				ProcessInitializeOnLoadAttributes (250ms)
				ProcessInitializeOnLoadMethodAttributes (12ms)
				AfterProcessingInitializeOnLoad (9ms)
				EditorAssembliesLoaded (0ms)
			ExecutionOrderSort2 (0ms)
			AwakeInstancesAfterBackupRestoration (22ms)
Platform modules already initialized, skipping
Refreshing native plugins compatible for Editor in 0.61 ms, found 2 plugins.
Preloading 0 native plugins for Editor in 0.00 ms.
Unloading 2757 Unused Serialized files (Serialized files now loaded: 0)
System memory in use before: 127.3 MB.
System memory in use after: 127.5 MB.

Unloading 15 unused Assets to reduce memory usage. Loaded Objects now: 3436.
Total: 5.620000 ms (FindLiveObjects: 0.391700 ms CreateObjectMapping: 0.121800 ms MarkObjects: 5.080200 ms  DeleteObjects: 0.024400 ms)

AssetImportParameters requested are different than current active one (requested -> active):
  custom:framework-win-MediaFoundation: 216162199b28c13a410421893ffa2e32 -> 
  custom:video-decoder-ogg-theora: a1e56fd34408186e4bbccfd4996cb3dc -> 
  custom:container-muxer-webm: aa71ff27fc2769a1b78a27578f13a17b -> 
  custom:container-demuxer-webm: 4f35f7cbe854078d1ac9338744f61a02 -> 
  custom:container-demuxer-ogg: 62fdf1f143b41e24485cea50d1cbac27 -> 
  custom:video-encoder-webm-vp8: eb34c28f22e8b96e1ab97ce403110664 -> 
  custom:video-decoder-webm-vp8: 9c59270c3fd7afecdb556c50c9e8de78 -> 
  custom:audio-decoder-ogg-vorbis: bf7c407c2cedff20999df2af8eb42d56 -> 
  custom:audio-encoder-webm-vorbis: bf7c407c2cedff20999df2af8eb42d56 -> 
========================================================================
Received Prepare
Registering precompiled user dll's ...
Registered in 0.008394 seconds.
Begin MonoManager ReloadAssembly
Native extension for WindowsStandalone target not found
Refreshing native plugins compatible for Editor in 0.62 ms, found 2 plugins.
Preloading 0 native plugins for Editor in 0.00 ms.
Mono: successfully reloaded assembly
- Completed reload, in  1.451 seconds
Domain Reload Profiling:
	ReloadAssembly (1452ms)
		BeginReloadAssembly (154ms)
			ExecutionOrderSort (0ms)
			DisableScriptedObjects (6ms)
			BackupInstance (0ms)
			ReleaseScriptingObjects (0ms)
			CreateAndSetChildDomain (42ms)
		EndReloadAssembly (1204ms)
			LoadAssemblies (139ms)
			RebuildTransferFunctionScriptingTraits (0ms)
			SetupTypeCache (428ms)
			ReleaseScriptCaches (2ms)
			RebuildScriptCaches (56ms)
			SetupLoadedEditorAssemblies (389ms)
				LogAssemblyErrors (0ms)
				InitializePlatformSupportModulesInManaged (5ms)
				SetLoadedEditorAssemblies (1ms)
				RefreshPlugins (1ms)
				BeforeProcessingInitializeOnLoad (120ms)
				ProcessInitializeOnLoadAttributes (241ms)
				ProcessInitializeOnLoadMethodAttributes (13ms)
				AfterProcessingInitializeOnLoad (9ms)
				EditorAssembliesLoaded (0ms)
			ExecutionOrderSort2 (0ms)
			AwakeInstancesAfterBackupRestoration (23ms)
Platform modules already initialized, skipping
Refreshing native plugins compatible for Editor in 0.59 ms, found 2 plugins.
Preloading 0 native plugins for Editor in 0.00 ms.
Unloading 2757 Unused Serialized files (Serialized files now loaded: 0)
System memory in use before: 127.3 MB.
System memory in use after: 127.5 MB.

Unloading 15 unused Assets to reduce memory usage. Loaded Objects now: 3438.
Total: 4.248600 ms (FindLiveObjects: 0.330700 ms CreateObjectMapping: 0.081500 ms MarkObjects: 3.811800 ms  DeleteObjects: 0.023400 ms)

AssetImportParameters requested are different than current active one (requested -> active):
  custom:framework-win-MediaFoundation: 216162199b28c13a410421893ffa2e32 -> 
  custom:video-decoder-ogg-theora: a1e56fd34408186e4bbccfd4996cb3dc -> 
  custom:container-muxer-webm: aa71ff27fc2769a1b78a27578f13a17b -> 
  custom:container-demuxer-webm: 4f35f7cbe854078d1ac9338744f61a02 -> 
  custom:container-demuxer-ogg: 62fdf1f143b41e24485cea50d1cbac27 -> 
  custom:video-encoder-webm-vp8: eb34c28f22e8b96e1ab97ce403110664 -> 
  custom:video-decoder-webm-vp8: 9c59270c3fd7afecdb556c50c9e8de78 -> 
  custom:audio-decoder-ogg-vorbis: bf7c407c2cedff20999df2af8eb42d56 -> 
  custom:audio-encoder-webm-vorbis: bf7c407c2cedff20999df2af8eb42d56 -> 
AssetImportWorkerClient::OnTransportError - code=2 error=End of file
